<?xml version="1.0" encoding="UTF-8"?>
<!-- Generated by org.testng.reporters.JUnitReportReporter -->
<testsuite hostname="LAPTOP-V6FB1HFO" failures="0" tests="1" name="testCases.SignUpTest" time="54.089" errors="0" timestamp="2023-04-13T19:03:01 IST" skipped="0">
  <testcase classname="testCases.SignUpTest" name="Singup" time="54.089"/>
  <system-out/>
</testsuite> <!-- testCases.SignUpTest -->
