<?xml version="1.0" encoding="UTF-8"?>
<!-- Generated by org.testng.reporters.JUnitReportReporter -->
<testsuite hostname="LAPTOP-V6FB1HFO" failures="0" tests="1" name="testCases.RoundTripTest" time="43.735" errors="0" timestamp="2023-05-12T13:04:31 IST" skipped="0">
  <testcase classname="testCases.RoundTripTest" name="RoundTrip_Students" time="43.735"/>
  <system-out/>
</testsuite> <!-- testCases.RoundTripTest -->
