<?xml version="1.0" encoding="UTF-8"?>
<!-- Generated by org.testng.reporters.JUnitReportReporter -->
<testsuite hostname="LAPTOP-V6FB1HFO" failures="0" tests="1" name="testCases.OnewayTripTest" time="166.097" errors="0" timestamp="2023-05-12T11:30:07 IST" skipped="0">
  <testcase classname="testCases.OnewayTripTest" name="Onewaytrip_International2" time="166.097"/>
  <system-out/>
</testsuite> <!-- testCases.OnewayTripTest -->
