<?xml version="1.0" encoding="UTF-8"?>
<!-- Generated by org.testng.reporters.JUnitReportReporter -->
<testsuite hostname="LAPTOP-V6FB1HFO" failures="0" tests="1" name="testCases.Datetest" time="23.317" errors="0" timestamp="2023-04-12T10:47:45 IST" skipped="0">
  <testcase classname="testCases.Datetest" name="Date" time="23.317"/>
  <system-out/>
</testsuite> <!-- testCases.Datetest -->
