<?xml version="1.0" encoding="UTF-8"?>
<!-- Generated by org.testng.reporters.JUnitReportReporter -->
<testsuite hostname="LAPTOP-V6FB1HFO" failures="0" tests="1" name="testCases.LoginTest" time="19.855" errors="0" timestamp="2023-04-14T21:23:58 IST" skipped="0">
  <testcase classname="testCases.LoginTest" name="LoginwithValidCredentials" time="19.855"/>
  <system-out/>
</testsuite> <!-- testCases.LoginTest -->
