<?xml version="1.0" encoding="UTF-8"?>
<!-- Generated by org.testng.reporters.JUnitReportReporter -->
<testsuite hostname="LAPTOP-V6FB1HFO" failures="0" tests="1" name="testCases.ValidationTest" time="17.053" errors="0" timestamp="2023-04-13T15:56:06 IST" skipped="0">
  <testcase classname="testCases.ValidationTest" name="CheckIn_Validation" time="17.053"/>
  <system-out/>
</testsuite> <!-- testCases.ValidationTest -->
