<?xml version="1.0" encoding="UTF-8"?>
<!-- Generated by org.testng.reporters.JUnitReportReporter -->
<testsuite hostname="LAPTOP-V6FB1HFO" failures="0" tests="1" name="headlessTest.ValidationHeadless" time="27.946" errors="0" timestamp="2023-04-13T17:39:12 IST" skipped="0">
  <testcase classname="headlessTest.ValidationHeadless" name="ManageBooking_Validation" time="27.946"/>
  <system-out/>
</testsuite> <!-- headlessTest.ValidationHeadless -->
