<?xml version="1.0" encoding="UTF-8"?>
<!-- Generated by org.testng.reporters.JUnitReportReporter -->
<testsuite hostname="LAPTOP-V6FB1HFO" failures="0" tests="1" name="testCases.PassengerList" time="14.302" errors="0" timestamp="2023-04-12T12:17:27 IST" skipped="0">
  <testcase classname="testCases.PassengerList" name="Date" time="14.302"/>
  <system-out/>
</testsuite> <!-- testCases.PassengerList -->
