<?xml version="1.0" encoding="UTF-8"?>
<!-- Generated by org.testng.reporters.JUnitReportReporter -->
<testsuite hostname="LAPTOP-V6FB1HFO" failures="0" tests="1" name="testCases.LoginTest" time="37.314" errors="0" timestamp="2023-04-17T20:58:33 IST" skipped="0">
  <testcase classname="testCases.LoginTest" name="LoginwithInValidCredentials" time="37.314"/>
  <system-out/>
</testsuite> <!-- testCases.LoginTest -->
