<?xml version="1.0" encoding="UTF-8"?>
<!-- Generated by org.testng.reporters.JUnitReportReporter -->
<testsuite hostname="LAPTOP-V6FB1HFO" failures="0" tests="1" name="testCases.CheckInTest" time="23.540" errors="0" timestamp="2023-04-12T16:50:02 IST" skipped="0">
  <testcase classname="testCases.CheckInTest" name="CheckIn_Validation" time="23.540"/>
  <system-out/>
</testsuite> <!-- testCases.CheckInTest -->
