<?xml version="1.0" encoding="UTF-8"?>
<!-- Generated by org.testng.reporters.JUnitReportReporter -->
<testsuite hostname="LAPTOP-V6FB1HFO" failures="0" tests="3" name="testCases.ValidationTest" time="53.573" errors="0" timestamp="2023-04-15T20:48:49 IST" skipped="0">
  <testcase classname="testCases.ValidationTest" name="CheckIn_Validation" time="15.066"/>
  <system-out/>
  <testcase classname="testCases.ValidationTest" name="ManageBooking_Validation" time="17.274"/>
  <system-out/>
  <testcase classname="testCases.ValidationTest" name="FlightStatus_Validation" time="21.233"/>
  <system-out/>
</testsuite> <!-- testCases.ValidationTest -->
