<?xml version="1.0" encoding="UTF-8"?>
<!-- Generated by org.testng.reporters.JUnitReportReporter -->
<testsuite hostname="LAPTOP-V6FB1HFO" failures="0" tests="2" name="testCases.RoundTripTest" time="150.880" errors="0" timestamp="2023-04-15T20:48:49 IST" skipped="0">
  <testcase classname="testCases.RoundTripTest" name="RoundTrip_FamilyFriends" time="41.716"/>
  <system-out/>
  <testcase classname="testCases.RoundTripTest" name="RoundTrip_Students" time="109.164"/>
  <system-out/>
</testsuite> <!-- testCases.RoundTripTest -->
