<?xml version="1.0" encoding="UTF-8"?>
<!-- Generated by org.testng.reporters.JUnitReportReporter -->
<testsuite hostname="LAPTOP-V6FB1HFO" failures="0" tests="1" name="testCases.SignUpTest" time="110.941" errors="0" timestamp="2023-04-14T20:51:13 IST" skipped="0">
  <testcase classname="testCases.SignUpTest" name="Singup" time="110.941"/>
  <system-out/>
</testsuite> <!-- testCases.SignUpTest -->
