<?xml version="1.0" encoding="UTF-8"?>
<!-- Generated by org.testng.reporters.JUnitReportReporter -->
<testsuite hostname="LAPTOP-V6FB1HFO" failures="0" tests="3" name="testCases.ValidationTest" time="76.637" errors="0" timestamp="2023-04-14T20:51:13 IST" skipped="0">
  <testcase classname="testCases.ValidationTest" name="ManageBooking_Validation" time="22.668"/>
  <system-out/>
  <testcase classname="testCases.ValidationTest" name="FlightStatus_Validation" time="30.644"/>
  <system-out/>
  <testcase classname="testCases.ValidationTest" name="CheckIn_Validation" time="23.325"/>
  <system-out/>
</testsuite> <!-- testCases.ValidationTest -->
