<?xml version="1.0" encoding="UTF-8"?>
<!-- Generated by org.testng.reporters.JUnitReportReporter -->
<testsuite hostname="LAPTOP-V6FB1HFO" failures="0" tests="6" name="testCases.LoginTest" time="104.710" errors="0" timestamp="2023-04-15T20:48:49 IST" skipped="0">
  <testcase classname="testCases.LoginTest" name="LoginwithValidCredentials" time="11.441"/>
  <system-out/>
  <testcase classname="testCases.LoginTest" name="TestLogin" time="20.009"/>
  <system-out/>
  <testcase classname="testCases.LoginTest" name="TestLogin" time="19.794"/>
  <system-out/>
  <testcase classname="testCases.LoginTest" name="TestLogin" time="19.568"/>
  <system-out/>
  <testcase classname="testCases.LoginTest" name="LoginwithInValidCredentials" time="14.473"/>
  <system-out/>
  <testcase classname="testCases.LoginTest" name="TestLogin" time="19.425"/>
  <system-out/>
</testsuite> <!-- testCases.LoginTest -->
