<?xml version="1.0" encoding="UTF-8"?>
<!-- Generated by org.testng.reporters.JUnitReportReporter -->
<testsuite hostname="LAPTOP-V6FB1HFO" failures="0" tests="2" name="testCases.OnewayTripTest" time="215.109" errors="0" timestamp="2023-04-14T20:51:13 IST" skipped="0">
  <testcase classname="testCases.OnewayTripTest" name="Onewaytrip_International2" time="165.129"/>
  <system-out/>
  <testcase classname="testCases.OnewayTripTest" name="Onewaytrip" time="49.980"/>
  <system-out/>
</testsuite> <!-- testCases.OnewayTripTest -->
