<?xml version="1.0" encoding="UTF-8"?>
<!-- Generated by org.testng.reporters.JUnitReportReporter -->
<testsuite hostname="LAPTOP-V6FB1HFO" failures="0" tests="2" name="testCases.OnewayTripTest" time="190.440" errors="0" timestamp="2023-04-15T20:48:49 IST" skipped="0">
  <testcase classname="testCases.OnewayTripTest" name="Onewaytrip_International2" time="151.003"/>
  <system-out/>
  <testcase classname="testCases.OnewayTripTest" name="Onewaytrip" time="39.437"/>
  <system-out/>
</testsuite> <!-- testCases.OnewayTripTest -->
